[ 2016-12-19T15:15:18+08:00 ] ::1 /index.php/home/index/index
INFO: [ app_init ] --START--
INFO: Run Behavior\BuildLiteBehavior [ RunTime:0.000032s ]
INFO: [ app_init ] --END-- [ RunTime:0.031639s ]
INFO: [ app_begin ] --START--
INFO: Run Behavior\ReadHtmlCacheBehavior [ RunTime:0.009234s ]
INFO: [ app_begin ] --END-- [ RunTime:0.009356s ]

[ 2016-12-19T15:15:18+08:00 ] ::1 /index.php/Home/Server/index.html
INFO: [ app_init ] --START--
INFO: Run Behavior\BuildLiteBehavior [ RunTime:0.000018s ]
INFO: [ app_init ] --END-- [ RunTime:0.000400s ]
INFO: [ app_begin ] --START--
INFO: Run Behavior\ReadHtmlCacheBehavior [ RunTime:0.000561s ]
INFO: [ app_begin ] --END-- [ RunTime:0.000641s ]
NOTIC: [2048] Accessing static property Server::$_config as non static /Applications/MAMP/htdocs/thinksso/ThinkPHP/Library/Vendor/EasyCenter/server.php 第 15 行.
NOTIC: [2] Missing argument 1 for I(), called in /Applications/MAMP/htdocs/thinksso/Application/Home/Controller/ServerController.class.php on line 67 and defined /Applications/MAMP/htdocs/thinksso/ThinkPHP/Common/functions.php 第 271 行.
NOTIC: [8] Undefined variable: name /Applications/MAMP/htdocs/thinksso/ThinkPHP/Common/functions.php 第 273 行.
NOTIC: [8] Undefined variable: name /Applications/MAMP/htdocs/thinksso/ThinkPHP/Common/functions.php 第 278 行.
NOTIC: [8] Undefined variable: name /Applications/MAMP/htdocs/thinksso/ThinkPHP/Common/functions.php 第 339 行.
NOTIC: [8] Undefined index: callback /Applications/MAMP/htdocs/thinksso/Application/Home/Controller/ServerController.class.php 第 68 行.
NOTIC: [8] Undefined index: appId /Applications/MAMP/htdocs/thinksso/Application/Home/Controller/ServerController.class.php 第 69 行.
INFO: [ view_parse ] --START--
INFO: [ template_filter ] --START--
INFO: Run Behavior\ContentReplaceBehavior [ RunTime:0.000089s ]
INFO: [ template_filter ] --END-- [ RunTime:0.000177s ]
INFO: Run Behavior\ParseTemplateBehavior [ RunTime:0.063279s ]
INFO: [ view_parse ] --END-- [ RunTime:0.063365s ]
INFO: [ view_filter ] --START--
INFO: Run Behavior\WriteHtmlCacheBehavior [ RunTime:0.021735s ]
INFO: [ view_filter ] --END-- [ RunTime:0.021822s ]
INFO: [ app_end ] --START--
INFO: Run Behavior\ShowPageTraceBehavior [ RunTime:0.000890s ]
INFO: [ app_end ] --END-- [ RunTime:0.000969s ]

[ 2016-12-19T15:28:53+08:00 ] ::1 /index.php/Home/Server/login.html
INFO: [ app_init ] --START--
INFO: Run Behavior\BuildLiteBehavior [ RunTime:0.000024s ]
INFO: [ app_init ] --END-- [ RunTime:0.000520s ]
INFO: [ app_begin ] --START--
INFO: Run Behavior\ReadHtmlCacheBehavior [ RunTime:0.000585s ]
INFO: [ app_begin ] --END-- [ RunTime:0.000669s ]
NOTIC: [2048] Accessing static property Server::$_config as non static /Applications/MAMP/htdocs/thinksso/ThinkPHP/Library/Vendor/EasyCenter/server.php 第 15 行.
NOTIC: [2] Missing argument 1 for I(), called in /Applications/MAMP/htdocs/thinksso/Application/Home/Controller/ServerController.class.php on line 37 and defined /Applications/MAMP/htdocs/thinksso/ThinkPHP/Common/functions.php 第 271 行.
NOTIC: [8] Undefined variable: name /Applications/MAMP/htdocs/thinksso/ThinkPHP/Common/functions.php 第 273 行.
NOTIC: [8] Undefined variable: name /Applications/MAMP/htdocs/thinksso/ThinkPHP/Common/functions.php 第 278 行.
NOTIC: [8] Undefined variable: name /Applications/MAMP/htdocs/thinksso/ThinkPHP/Common/functions.php 第 339 行.
SQL: SHOW COLUMNS FROM `user` [ RunTime:0.1670s ]
SQL: SELECT `id`,`username`,`nickname` FROM `user` WHERE `username` = '123' AND `password` = '456' LIMIT 1   [ RunTime:0.0911s ]
NOTIC: [2048] Accessing static property Server::$_config as non static /Applications/MAMP/htdocs/thinksso/ThinkPHP/Library/Vendor/EasyCenter/server.php 第 158 行.
NOTIC: [8] Undefined variable: char /Applications/MAMP/htdocs/thinksso/ThinkPHP/Library/Vendor/EasyCenter/server.php 第 170 行.
NOTIC: [8] Undefined variable: str /Applications/MAMP/htdocs/thinksso/ThinkPHP/Library/Vendor/EasyCenter/server.php 第 175 行.
NOTIC: [2048] Accessing static property Server::$_config as non static /Applications/MAMP/htdocs/thinksso/ThinkPHP/Library/Vendor/EasyCenter/server.php 第 229 行.
NOTIC: [2] Missing argument 3 for Server::setTicket(), called in /Applications/MAMP/htdocs/thinksso/ThinkPHP/Library/Vendor/EasyCenter/server.php on line 233 and defined /Applications/MAMP/htdocs/thinksso/ThinkPHP/Library/Vendor/EasyCenter/server.php 第 245 行.
NOTIC: [2048] Accessing static property Server::$_config as non static /Applications/MAMP/htdocs/thinksso/ThinkPHP/Library/Vendor/EasyCenter/server.php 第 247 行.
NOTIC: [2048] Accessing static property Server::$_config as non static /Applications/MAMP/htdocs/thinksso/ThinkPHP/Library/Vendor/EasyCenter/server.php 第 112 行.
NOTIC: [2048] Accessing static property Server::$_config as non static /Applications/MAMP/htdocs/thinksso/ThinkPHP/Library/Vendor/EasyCenter/server.php 第 113 行.
NOTIC: [2048] Accessing static property Server::$_config as non static /Applications/MAMP/htdocs/thinksso/ThinkPHP/Library/Vendor/EasyCenter/server.php 第 198 行.
NOTIC: [2048] Accessing static property Server::$_config as non static /Applications/MAMP/htdocs/thinksso/ThinkPHP/Library/Vendor/EasyCenter/server.php 第 204 行.
NOTIC: [8] Undefined index:  /Applications/MAMP/htdocs/thinksso/ThinkPHP/Library/Vendor/EasyCenter/server.php 第 204 行.
NOTIC: [2048] Accessing static property Server::$_config as non static /Applications/MAMP/htdocs/thinksso/ThinkPHP/Library/Vendor/EasyCenter/server.php 第 74 行.
INFO: [ app_end ] --START--
INFO: Run Behavior\ShowPageTraceBehavior [ RunTime:0.000716s ]
INFO: [ app_end ] --END-- [ RunTime:0.000803s ]

[ 2016-12-19T15:28:53+08:00 ] ::1 /index.php/Home/Server/login.html?signature=b382aae94e24020cc09221fefa14c5dfb877cbe5&nonce=8066VC&timestamp=1482132533&ticket=J5IAYS&create_at=1482132533&check_at=1482132533&expire_time=6000&user=sFvOm1NrhmJXXobaqsfX0ZiglVabWpRkmIWNiKfPk9GjmtKcU2uGl56lzMqphOI=&callback=
INFO: [ app_init ] --START--
INFO: Run Behavior\BuildLiteBehavior [ RunTime:0.000018s ]
INFO: [ app_init ] --END-- [ RunTime:0.000369s ]
INFO: [ app_begin ] --START--
INFO: Run Behavior\ReadHtmlCacheBehavior [ RunTime:0.000471s ]
INFO: [ app_begin ] --END-- [ RunTime:0.000534s ]
NOTIC: [2048] Accessing static property Server::$_config as non static /Applications/MAMP/htdocs/thinksso/ThinkPHP/Library/Vendor/EasyCenter/server.php 第 15 行.
NOTIC: [2] Missing argument 1 for I(), called in /Applications/MAMP/htdocs/thinksso/Application/Home/Controller/ServerController.class.php on line 37 and defined /Applications/MAMP/htdocs/thinksso/ThinkPHP/Common/functions.php 第 271 行.
NOTIC: [8] Undefined variable: name /Applications/MAMP/htdocs/thinksso/ThinkPHP/Common/functions.php 第 273 行.
NOTIC: [8] Undefined variable: name /Applications/MAMP/htdocs/thinksso/ThinkPHP/Common/functions.php 第 278 行.
NOTIC: [8] Undefined variable: name /Applications/MAMP/htdocs/thinksso/ThinkPHP/Common/functions.php 第 339 行.
NOTIC: [8] Undefined index: username /Applications/MAMP/htdocs/thinksso/Application/Home/Controller/ServerController.class.php 第 38 行.
NOTIC: [8] Undefined index: password /Applications/MAMP/htdocs/thinksso/Application/Home/Controller/ServerController.class.php 第 39 行.
NOTIC: [8] Undefined index: appId /Applications/MAMP/htdocs/thinksso/Application/Home/Controller/ServerController.class.php 第 41 行.
SQL: SHOW COLUMNS FROM `user` [ RunTime:0.0013s ]
SQL: SELECT `id`,`username`,`nickname` FROM `user` WHERE `username` = null AND `password` = null LIMIT 1   [ RunTime:0.0002s ]
NOTIC: [2048] Accessing static property Server::$_config as non static /Applications/MAMP/htdocs/thinksso/ThinkPHP/Library/Vendor/EasyCenter/server.php 第 138 行.
NOTIC: [2048] Accessing static property Server::$_config as non static /Applications/MAMP/htdocs/thinksso/ThinkPHP/Library/Vendor/EasyCenter/server.php 第 74 行.
INFO: [ app_end ] --START--
INFO: Run Behavior\ShowPageTraceBehavior [ RunTime:0.000607s ]
INFO: [ app_end ] --END-- [ RunTime:0.000683s ]

